/usr/local/lib/python2.7/dist-packages/theano/tensor/signal/downsample.py:6: UserWarning: downsample module has been moved to the theano.tensor.signal.pool module.
  "downsample module has been moved to the theano.tensor.signal.pool module.")
/usr/local/lib/python2.7/dist-packages/matplotlib/font_manager.py:273: UserWarning: Matplotlib is building the font cache using fc-list. This may take a moment.
  warnings.warn('Matplotlib is building the font cache using fc-list. This may take a moment.')
/usr/local/lib/python2.7/dist-packages/theano/tensor/signal/downsample.py:6: UserWarning: downsample module has been moved to the theano.tensor.signal.pool module.
  "downsample module has been moved to the theano.tensor.signal.pool module.")
/usr/local/lib/python2.7/dist-packages/matplotlib/font_manager.py:273: UserWarning: Matplotlib is building the font cache using fc-list. This may take a moment.
  warnings.warn('Matplotlib is building the font cache using fc-list. This may take a moment.')
Loading data...
Building model and compiling functions...
Final results:
  test loss:			0.073418
  test accuracy:		97.71 %
8897
1738
79
106
530
17
5921
2435
1386
7219
8793
1448
762
7216
6130
553
1751
956
6400
8323
9799
3713
2716
6546
5897
3965
7289
3878
8109
980
7945
8976
1731
2483
2681
9130
8673
1042
426
4135
179
2294
6361
6514
9465
1328
3186
8080
1342
5856
5106
1310
5363
2556
1272
1398
3319
9632
9994
3060
5889
6375
1618
3665
2727
8289
2524
8393
5765
1006
5662
6828
2569
1792
7222
7907
8713
6061
3798
5760
9527
4287
7025
1115
1910
8745
3141
5089
1230
5436
9015
6705
4249
1473
7322
5383
8411
5492
5305
272
8611
3662
9335
1091
1191
960
8583
9132
6813
9430
2639
7525
9676
4850
3787
1569
9189
818
4349
6492
5216
3850
4638
4799
591
2662
7177
3535
5807
1179
1869
6555
9891
8220
4732
764
1660
8952
4738
7967
4363
6806
5191
4973
5393
5986
7811
6723
891
8975
6275
892
7101
7810
2388
4099
4243
5171
1699
6198
1575
8972
5475
6363
54
4902
948
59
817
1304
3206
5902
8180
4196
7688
4310
6946
9461
1484
5257
6840
5201
4754
1323
6549
7415
9253
6264
1620
4514
413
6643
1000
9109
6885
2291
5664
6800
1356
65
798
2302
3802
723
6200
1141
4177
3522
268
536
1184
2153
76
5504
24
8417
8848
8557
6786
7855
8416
3452
5222
43
1131
6206
7433
9744
6265
5197
3116
1487
9936
1166
8215
8906
9996
1716
1393
2037
4814
1111
7857
870
6579
7437
5259
9621
8625
1753
7367
1738
2397
9280
2843
9048
7962
431
3592
2039
8713
2472
7025
2812
9515
3101
6601
240
7201
4175
3232
1857
5730
1799
6918
6464
2421
2362
7486
3379
548
3664
3008
6227
647
7910
8330
4948
7064
6230
4040
2310
6748
658
4166
2259
3464
7976
6280
1925
5005
4007
8915
4988
5562
6420
8381
3584
2701
844
213
7583
5735
8135
7428
3070
2727
7413
748
3656
9086
151
6915
4098
9663
3183
8470
6961
1255
8516
6323
7404
5127
5603
6639
9221
4924
9607
5564
5562
55
6428
7983
6438
4171
3363
1926
8048
3794
6346
8254
3974
2841
8138
1966
817
9001
129
1335
686
4431
1556
8083
1466
343
7159
2276
3227
1231
1432
6419
1598
5795
6711
9053
1994
9660
8866
5147
1861
1029
9664
5102
1354
5801
1442
8648
319
9869
3518
6913
359
8274
2352
6622
9889
8364
215
7103
8474
1990
1924
3481
7148
2619
6466
5705
7095
7068
1803
2103
4244
1466
8569
2710
264
7474
1928
5004
1093
6830
7410
2390
6983
8985
6699
2206
7587
3695
2413
1031
5029
4104
5411
7177
177
7440
7240
5127
9622
8855
6796
9319
8771
5559
2851
3323
5609
5820
2370
1120
2873
1168
5217
4827
4494
208
2788
8637
8945
442
8675
9225
8663
8229
2806
8961
7704
9569
9845
9370
3441
4268
6957
2324
1231
6533
2391
9298
3123
5757
7530
5744
2812
1421
6147
4852
4091
142
5118
4883
4078
5346
4171
9432
8808
1972
9994
4134
482
5455
8277
2602
6231
1174
3097
5923
2029
5551
116
5359
1041
4111
9747
3322
4215
4653
2461
2270
7655
614
3804
9136
7666
5019
1741
9591
1188
3276
9464
9917
1583
5462
9804
2756
2530
7835
6413
4199
8643
5277
7086
9584
8220
5784
3267
1165
4478
4122
2277
7379
8703
2091
8895
7879
3967
7649
7443
6037
289
6081
3914
3737
6777
599
9112
371
9277
768
7092
2363
6495
2092
7587
9639
7507
6887
5292
5357
9365
8785
1506
7712
5967
7549
8018
2587
2161
3063
2852
5300
6297
6164
82
7204
7689
4015
5353
8054
7621
3125
1563
9837
493
6563
5028
4037
8429
8207
9646
26
3359
8628
5897
8396
6713
4975
3058
6485
4404
1238
2227
1832
9411
1110
6193
6880
7774
2
1664
4072
2366
1077
7528
757
334
9370
6172
1790
2980
2031
7034
9713
3218
1679
5540
9198
8483
6724
3899
6236
9138
6617
7960
1115
4799
9732
1690
5975
8388
9548
6173
6971
2783
6448
7309
1287
8364
8478
2553
9145
786
7416
4196
3188
9918
5485
2693
6731
6542
3691
3939
8047
3710
3338
2406
6543
2317
8753
9481
3462
7407
6424
7098
3337
5187
5540
2579
3689
5411
4330
11
4830
6976
3417
5631
9251
5665
183
3038
3376
4633
4697
5612
2293
4533
3434
9684
3364
1715
7081
4390
4301
7551
5804
7032
8317
9837
2757
2945
3362
9765
5763
987
8850
9749
7089
660
6255
3005
3361
2000
3335
3074
3128
2374
9691
8153
7707
3071
627
536
8770
3769
8504
5762
5725
6072
2733
1405
9059
7737
2617
7462
6715
7350
6949
4026
3145
6937
3225
2156
3406
2826
5766
4125
9071
5321
4087
7723
6749
1277
6099
5814
5239
487
6010
9176
5542
6161
2685
3706
317
7266
1499
5970
8290
3451
8741
169
7497
6598
6183
1572
1392
8976
6307
7353
3410
5959
5492
1069
6218
9700
9122
1315
1227
6102
3584
1250
6478
8388
3680
1001
1362
7580
6364
7190
5280
409
6047
9418
4270
1612
6726
1663
3325
2202
1898
4893
5949
4226
2813
4540
472
5782
7027
9288
1915
6746
5174
9664
371
291
1485
8403
8317
7440
257
8126
2477
2409
163
1598
3551
2755
8601
9070
645
8203
1413
200
6737
1919
4554
3806
8779
6507
9894
4776
7974
9895
4422
6877
3830
243
1473
1047
5181
2625
9199
6173
8021
4032
7944
8080
8740
1261
671
9046
2384
3093
1298
3330
1001
2720
340
9463
6000
4830
6559
3754
2955
3870
3893
7050
7508
3751
6207
2477
8676
2151
9240
1063
6838
78
1877
8405
6873
5307
1434
6781
8950
7173
2279
6909
1384
5095
8612
4038
7290
4236
3605
1142
7163
1863
1072
3837
2211
3308
7246
1038
5645
6584
1188
7710
5220
8337
3555
2190
5213
0
601
1950
7754
3966
7660
2615
4416
7842
7913
4535
5660
722
6126
7865
5586
891
1084
5494
592
5083
2652
8595
8613
5255
7065
670
8940
5129
2049
3476
5448
2378
4189
9361
9906
2870
3512
2151
8289
4723
109
1969
4257
4307
3060
7130
9859
7419
57
6516
5426
6205
3999
2572
523
3147
1105
7213
1305
9240
2811
2637
1836
3317
2765
792
9483
23
4254
1052
7754
8490
6553
6136
9744
3809
7915
8965
3232
5676
9076
3402
2340
773
3319
2465
3944
9256
3696
5610
8798
5588
9396
8238
636
6594
6858
8594
4905
758
2524
658
1348
4583
2348
4269
9210
8903
322
5859
7659
9207
786
722
6261
4165
1534
3057
567
2207
5733
1593
6432
8651
4439
3126
7105
1355
2956
2200
1360
5248
834
7839
8984
8021
1140
6683
5543
4619
9650
1179
7384
8878
1499
1450
1785
5561
7613
8604
7572
2822
9688
5369
3531
7858
5466
2205
786
164
9175
8560
6782
8876
4831
5559
2864
4096
3657
4025
5473
9076
1251
1391
4692
7661
6218
6919
827
4975
2436
2544
202
1160
4158
9462
523
5331
120
9738
2631
476
4370
9574
2961
7704
8941
1295
5714
4395
2094
7242
7264
2808
7993
2445
6034
2876
5232
7846
1594
151
5525
2751
7074
563
6723
7009
272
8839
4205
5511
1512
4114
8684
2260
9607
1582
9887
8393
4474
2432
9070
8138
6902
150
6289
6235
4913
1562
3025
341
2063
4289
4832
6239
5362
381
6157
6239
617
3193
8697
9725
7295
9245
9436
5336
8939
5516
9126
7181
4044
1753
9861
6124
330
3781
753
9362
7634
6501
3873
7170
6887
3315
1164
8267
6653
1620
2100
8255
9822
5733
4745
2157
1234
1342
1534
6881
5747
7372
9467
593
6435
5238
8835
1695
8601
5085
4998
5935
1552
6183
8731
3796
7304
9085
2316
7991
8819
9449
1883
839
4335
9985
9643
5671
784
1912
7230
5510
9100
584
3093
4610
6809
1967
7910
9298
4885
1274
4722
5884
6443
2236
891
2038
1040
9942
6061
7265
8113
3516
8385
9985
4492
9997
9175
5268
8179
550
6777
7130
6098
6747
3511
8471
8387
1532
9433
6629
1157
740
4509
4993
8018
4707
1800
8619
6900
5232
3230
9496
961
1881
8322
3086
7641
6801
2939
8776
9699
9497
7847
8692
2212
7695
6443
3278
5381
9674
2468
9586
4933
4453
6303
7523
1285
4717
4665
1775
3800
9549
7377
8579
2379
2461
8160
3332
4073
7410
8874
97
9767
213
4081
9450
9973
3205
3822
9748
9971
2656
6866
2905
3793
4930
5664
7748
4830
9842
6021
7374
2501
6853
2472
9353
6088
3423
6358
8562
676
2339
5471
3972
445
631
8964
4671
5749
1666
8193
983
3534
4726
7598
1475
9228
3592
5586
5594
9227
4212
1696
4471
9626
2576
3763
2158
158
9717
6996
9407
6442
9776
2591
8078
771
4001
676
6206
377
1297
9261
1055
9019
1422
5729
493
1032
5244
701
6727
7568
1346
7739
3177
8591
6883
5623
6454
5166
7978
5324
5468
3710
2188
5182
7224
5898
7951
4935
4767
9566
4903
994
5234
8795
5331
6573
5710
2284
2846
8953
5142
2203
9759
6802
9361
4009
40
4257
698
5725
1432
1936
3450
7927
4103
5193
4747
7470
5819
7672
6746
4212
3594
2306
7461
1296
5841
2195
6504
2532
376
7126
9845
9499
8595
4250
5548
9721
4515
1867
8617
2826
5527
1897
9496
4024
1855
106
8658
7733
9013
1212
9119
8164
9929
823
3087
3763
5837
7285
6625
2202
9315
6781
4736
115
1204
2798
8402
6763
9032
7372
7422
9346
2395
6246
239
3111
3203
1419
5966
7403
8088
7378
6039
3989
4773
1590
5543
1223
7212
2272
3440
1744
4652
4278
5407
1865
3093
2982
6998
873
1666
9392
847
1984
302
6635
4528
1357
5022
4347
3761
6329
2589
2795
9450
1580
1697
2886
2734
5971
7538
8512
3030
8063
1358
1825
5180
5709
3261
9721
8615
2621
5511
5959
6105
1376
6332
1934
7751
1454
2776
4956
4695
6023
4569
1915
3153
3399
3472
5944
5140
4395
251
4230
1124
7155
5043
2719
9269
3974
265
4124
497
6445
2913
4164
5807
142
3575
6774
4921
108
9054
4176
7225
2436
5371
8075
7552
2345
4258
1539
9629
8274
17
7044
3188
6754
6797
1332
8144
9103
3309
3524
123
7368
4936
1952
3172
1381
6664
3064
9793
2380
3087
8025
1776
6165
9850
2974
7010
395
8097
5900
6399
8110
9046
152
5898
6927
6797
386
6639
5428
7996
1805
8762
5106
270
9593
7787
3190
4329
6027
3506
6208
7949
1528
3395
4912
965
4581
843
3047
5632
1386
7926
7998
1065
3942
7616
7568
7184
654
1228
2417
9643
7491
6673
2151
8577
8402
227
8066
4572
65
1182
6456
2165
1194
3505
1274
7492
5122
4895
7857
2226
8713
5114
8072
5995
5181
6116
8022
7186
2525
355
7940
9871
8869
8294
3054
5043
9821
640
9768
862
2874
2404
5635
5837
9585
6750
7838
2552
8211
1713
5475
89
4593
8582
556
7112
7903
1556
3308
6563
1986
9943
1215
7647
9363
7451
9327
8198
7849
9982
1174
8483
7048
1837
2940
1945
9434
8839
8906
4887
8682
1061
4408
7159
8770
7241
1768
3000
7445
4430
1922
4097
7213
8103
6237
5331
1347
9130
1296
2389
3940
2578
4510
7174
5749
4748
8670
8568
3520
1014
7772
6723
727
8686
4497
8526
3228
2337
8213
286
7771
1138
4110
9174
4270
1423
5667
3509
415
1871
6589
8237
3741
4160
6294
7922
9411
8040
5742
6477
3405
5904
7565
607
8295
9848
9448
475
596
4513
1242
1240
9851
4533
3853
9510
5237
6240
8754
4671
3865
9928
1365
9835
6810
985
6405
9940
6433
5675
362
8924
7223
723
5126
5141
8613
7594
2592
7532
1713
789
7498
5631
7349
1223
4693
3709
2012
827
741
9717
3052
8671
136
4007
2976
2656
9943
1825
1913
8909
2021
2292
5045
2147
1080
4229
763
737
8374
8827
2063
1106
2469
160
4973
7629
6409
8492
387
7317
5307
5145
9758
3299
9181
2553
9187
828
6073
2080
2470
2836
8425
1159
3740
8073
5393
7551
8168
5805
3003
4388
1402
901
3593
2767
9874
6147
6752
142
3059
2934
8299
2816
4413
3665
3955
4048
1108
4107
5043
1089
1254
6643
5706
7276
3002
456
6269
8687
8193
6570
3489
3785
8051
640
8019
7838
9000
3935
1329
829
4314
4693
1301
8
4850
5876
8737
8584
6249
9734
547
4982
1280
4285
8366
9334
1015
3259
3337
9702
1782
8215
3767
8974
505
9219
5343
1671
9230
2219
9314
8470
9646
8252
7562
9483
266
6022
4829
293
1414
1272
2559
5487
8255
937
5409
451
5260
8623
3717
375
360
8895
9740
8818
3593
9345
5374
5463
7960
4055
7227
2647
966
168
416
2162
1014
644
4832
6102
2245
8800
6731
3764
8897
5178
5515
5114
9556
9499
5566
1307
1824
4202
5129
9606
2108
5189
137
7668
4582
4545
3878
2654
7805
2220
2648
1386
833
7624
1355
2296
2302
2438
9197
5224
4377
5545
5365
7971
6631
1515
5100
1913
740
6836
9353
6124
9816
3204
1126
2650
517
7818
6544
7326
3701
4787
7301
9777
7801
7923
4816
9922
7575
7073
3754
782
6019
7616
7351
292
3553
826
2806
3961
2256
2350
6374
5863
6459
1030
2587
4368
291
3351
9625
6367
4818
9846
8715
4924
8871
5681
8486
1649
3904
4242
6436
1898
7434
8735
2201
9020
5797
8964
1844
7743
886
8959
6676
610
8960
6089
8988
5672
2900
5074
5189
4726
8789
8165
4155
3679
4343
3262
1378
2491
9887
3003
8039
8437
6822
9927
3011
612
6600
8820
7105
9558
6627
6657
9587
8976
2416
3218
1826
939
6478
2647
1519
2795
1372
2149
8279
5348
5924
1141
9287
1836
6236
5435
6532
7466
9872
8025
8575
5032
5029
3860
439
7325
464
6379
1116
603
1966
1185
9156
560
7640
8447
9090
1752
9930
6114
7335
2924
7911
542
2652
1931
9935
7405
5833
4699
5300
5168
9053
6895
853
1669
8403
5608
4584
1510
7019
7305
1002
8816
4463
8660
6902
5417
9106
894
7465
5998
2718
1226
2330
6041
424
5849
8392
7378
8613
9759
2742
2875
4284
9493
6338
1439
5187
7853
812
2706
4047
7928
2649
8644
6054
9831
2913
5718
9462
9069
1923
4762
9717
8299
6244
9257
651
7214
115
3141
5727
693
9317
539
3458
4453
4291
7002
2531
1434
5408
5718
4038
5468
9123
8083
8659
7038
3499
8705
3040
6875
2374
9221
1235
3598
3278
777
4658
3977
6919
7224
374
7469
8961
2494
88
8294
7278
9104
7502
3762
5914
9110
6524
4363
2898
8468
1686
8343
9191
1624
7444
9034
2354
3315
9106
4055
9083
8528
5361
3044
6770
1730
3888
1016
10
2394
1881
407
2012
1442
3304
4100
3941
6226
5041
7809
3907
3686
9153
2548
1758
9906
3931
760
7727
809
1456
3738
6983
4538
3833
2395
2214
6032
5066
4718
9970
1113
799
464
4023
9046
859
829
9549
2844
9193
9702
2521
7416
720
6867
2543
5049
4357
660
6458
3684
6791
3156
4474
668
5861
2137
9774
4756
9792
1846
3881
7753
4004
594
5353
8255
9410
7823
294
1434
604
8603
6366
9437
1513
6939
6468
7669
6997
3565
2332
984
6335
5491
2126
7013
4737
6839
794
6371
1059
5007
7143
9111
844
7035
8407
2893
1209
5714
63
7856
693
4000
9734
4576
6112
9901
2485
3474
9830
6444
1636
4359
1207
5305
1980
375
9381
6740
3146
3896
8805
4485
7942
4957
2234
8937
6231
5831
6267
4291
3068
9410
4402
6279
759
3589
7550
2610
4464
2283
9722
7751
5999
4099
6095
5792
9230
8165
4646
1537
7463
1752
7509
8165
4058
1670
3547
3988
3633
9892
4065
3845
6300
7975
5133
4148
6003
8035
7465
3376
4796
5785
6820
587
7163
8009
4389
4083
8060
5143
8214
7309
2946
3406
4793
4525
4757
9602
9306
6399
7591
9073
8168
6192
2118
5297
4154
1511
2157
8014
1109
8182
4003
1165
1193
4632
9173
5258
7219
6679
6476
2934
9609
5049
2617
3566
9747
7399
1978
4462
4743
4773
7155
8890
5522
8399
4634
5728
967
7179
9931
3179
2725
1769
9231
828
9852
829
6111
3634
909
4448
7324
127
36
7218
2763
2952
4264
8660
8129
9709
4436
3907
6097
2770
8241
6910
7797
4564
7488
3850
8316
1652
9771
3313
1338
4660
8664
3791
5487
1419
3685
5011
8123
6150
4783
1166
8092
9227
4911
2455
2179
7276
7689
5919
4352
8584
4652
2136
2304
6391
1365
8317
7620
2510
3404
9217
4621
5322
4787
4363
2415
8365
7915
8173
905
7842
5618
3040
517
4061
524
845
722
1850
9386
5917
4355
4655
5959
8136
9650
3984
4850
7171
1041
5697
86
3787
7558
9184
2375
4794
6159
9434
9708
3498
5583
5433
2687
4544
6864
3859
4769
706
7693
4144
7480
5708
1812
9894
1997
8556
6947
7994
3191
1179
8999
5396
2500
7021
4839
9886
623
3815
1285
1773
9219
7826
2174
9394
6921
3162
5370
8809
2785
2533
5015
6187
1324
1534
9820
4824
3775
3920
6991
2545
4950
5270
2293
1144
5658
2118
5091
1229
736
4882
6561
3715
7181
9501
968
415
9596
2041
8788
2042
4526
5031
9174
2477
1305
2632
4437
965
1471
384
2384
8506
7046
1070
8558
3876
2304
8521
4547
5991
5476
9622
2022
5170
4330
3695
6362
5693
3173
9763
4036
9040
8825
4509
8843
3210
1606
1386
2867
1012
4389
1671
7276
9558
9419
34
4037
2220
6676
1869
2764
5587
1324
6421
4257
8379
1961
7342
604
3321
1477
8899
4304
2769
8273
339
3239
3284
9297
7362
9963
6952
7418
6346
1301
1860
5124
3915
1113
7950
4095
7198
8283
54
7093
8647
4883
8265
1416
939
2248
1302
8802
7000
8915
7599
7703
4609
1855
4605
6574
4001
9134
1850
1526
6023
832
8645
7317
9163
7889
9027
4530
4151
1459
9217
4326
8683
4174
7919
4368
6713
2168
194
312
3759
730
56
3678
7258
7033
6384
9270
7064
2768
8328
3308
7425
9322
6017
5239
1965
6785
9118
9191
5764
6322
1762
2586
9977
2133
1029
6829
4479
570
2125
531
7840
2575
4210
5694
8622
4657
5704
125
4214
9
5976
4243
5061
6095
6967
12
1
7344
1326
7472
4805
2253
5985
9171
7242
4211
7351
3177
9642
6421
5688
9234
6977
6411
8109
1526
348
6158
1688
5467
7960
213
5411
4246
6840
1066
1533
76
5572
5335
3608
2425
8568
8260
5116
1553
4387
475
2249
8816
4152
8110
894
5826
9228
4798
6029
3499
6759
2185
6863
7667
9006
1528
9270
4222
9792
7886
121
2618
5071
3613
7615
4713
6895
6263
6767
2755
5987
5718
157
9062
5339
679
618
8715
6215
4409
4947
186
910
7489
5161
206
2253
2736
3305
687
8792
9474
1921
4819
3933
9898
1349
1750
7201
5493
5110
7989
5575
6552
4998
8820
3482
7045
3205
4507
3708
2213
8731
338
4527
324
3314
566
7907
5449
6363
1735
5735
9103
3648
95
1336
713
9645
7731
7110
1610
2940
2235
4158
5749
7960
8577
2309
1866
7643
3799
534
9917
4241
6157
2510
4528
1775
2904
4835
3592
6324
9922
349
5515
4941
4403
5614
8238
2634
9021
4473
6951
3631
7439
7232
6049
6980
2197
3317
2697
6375
8300
5815
5593
2121
6845
6796
1182
5028
6394
2844
9168
1223
2056
941
2040
4337
550
4761
2811
636
2798
6445
1390
8073
9038
4273
4829
7297
9394
3826
7317
2757
1491
8814
3385
7641
6523
2648
2121
3400
8897
3897
8262
1147
4632
1892
3963
9380
8745
6425
8339
2344
9245
4256
4456
2700
3454
3475
722
5980
2384
8705
4042
5674
9385
6318
3458
368
4110
819
9852
6531
4979
7104
4310
7568
9064
9275
8518
983
2222
3597
6453
4737
9791
9232
7669
9652
9963
6318
3865
9699
6636
8480
1925
272
3733
966
8586
1535
8962
2346
4749
9372
7282
6590
9547
4335
5029
5255
4248
3743
2501
8499
3384
6572
4890
3904
112
9153
9058
8744
5213
4313
2618
9769
824
8891
9245
1509
7008
7686
8807
9700
5221
6647
707
8000
5569
6041
5493
163
9521
4637
7471
5248
9315
3271
4130
2974
3237
5300
2193
8146
3092
1863
9740
5308
214
3823
5728
2321
7785
7672
2342
5598
3446
3833
1405
3013
8744
824
6431
5954
5990
2298
2259
514
6320
4120
8444
3352
7701
492
5222
8897
8544
1730
7739
3857
6143
9230
9834
9857
2739
9654
8071
3886
3320
3141
6999
9190
3403
7034
6437
9559
1543
4542
9614
6716
6407
2104
3850
3397
7172
1057
1948
2411
11
6600
9573
2898
2751
8417
2494
369
3784
731
2587
340
7053
8592
5137
8062
431
5950
4482
8945
35
7711
3896
9036
7273
4006
24
8185
980
5637
6089
256
8534
5456
751
9394
9599
9534
3217
3111
7459
7640
1867
9845
2736
6999
8381
6261
9664
364
3016
4171
8148
1159
5335
6829
9657
5755
1154
6529
8756
4073
721
1561
6645
3975
9717
7528
7366
1433
1509
2771
8753
851
5617
5583
3614
3794
6398
1757
5849
980
9339
5545
186
8070
5499
1507
2629
2436
2147
6034
3337
6201
2173
7025
3535
1813
3183
6123
9952
9879
8465
6412
774
8072
1342
2841
9120
5767
7114
7833
2917
3157
2987
6702
8884
476
5311
9325
4526
8365
874
1250
3252
873
7099
6002
3773
1822
5922
6337
6919
6890
9910
3740
7192
255
2
2338
6205
2030
4786
9909
5642
3548
2069
1777
2432
4462
7868
9720
7836
5997
6353
2314
2658
3148
1244
7186
3041
5125
1276
5065
8726
8423
8952
367
9293
8386
1538
9718
5354
5241
5065
4368
3890
4582
3487
1526
921
8630
6095
6006
2782
2709
9576
627
2716
3864
1952
1773
6296
7944
5847
2347
2790
1497
1758
3328
7265
9878
1580
5985
2289
61
9207
1354
7093
223
4671
4227
2010
1347
5293
3889
848
2648
5929
8833
6429
5167
635
4349
5916
1807
2083
4982
6965
199
447
7225
923
6986
4320
6358
1380
3231
70
5223
3807
4584
8100
6661
6564
8340
9635
9246
3118
9896
982
6064
7532
2377
4932
4892
4517
73
5034
4601
2201
7424
6074
6084
1031
6565
9959
3680
1791
7329
8409
248
6119
6880
1474
2571
3611
6566
4360
7575
1738
9553
6517
5931
686
5724
1553
8982
3397
7985
3173
2570
5236
4436
2698
5557
7296
9976
7037
6767
5016
5011
3780
5044
9473
8223
9395
5206
1650
4802
5042
8088
334
7214
8590
7012
7130
5046
9830
2296
1819
8487
1094
3106
741
3942
4149
4213
7562
4603
2126
3741
9020
5418
3086
1444
310
1754
9641
4054
6079
7991
8261
5273
7723
3413
6969
6938
749
6532
8791
2799
5052
4103
6478
1540
1280
3470
6626
6916
6156
6056
5889
7592
6271
4090
8512
1565
7559
4984
2771
8527
8760
1644
1917
8381
9382
8506
4091
9265
8082
6738
2608
7300
3014
7310
7883
7122
7750
8922
9795
9918
1450
5312
2436
9884
8480
7572
6607
9909
512
6291
6391
6640
2926
8064
7989
1280
8705
6791
6532
5872
1892
9631
9786
8975
5036
5338
7489
610
3884
7856
3692
6048
1870
5637
5135
7735
5270
5013
7349
6145
2276
4979
3693
4618
2644
1976
3766
1522
3076
5807
7983
8026
6775
7818
8989
3857
5421
5707
6585
3722
2416
6
7716
584
1251
4422
1752
8827
6586
8045
4048
3631
2779
7246
5089
1421
176
1193
7715
7008
4993
1778
7394
5189
1811
6288
8369
3946
9578
9405
2040
9077
9002
2766
4033
1817
3756
9108
7555
7280
6048
7879
2128
3488
2342
2899
7828
5232
8160
7858
3333
3290
7553
6811
7801
7885
7379
7525
2214
7733
9337
6779
7344
6390
6969
691
8467
7204
9749
4970
8685
1820
9035
7392
5786
3880
2263
5678
6432
4382
1687
4444
706
4725
4795
9810
9050
6808
2110
1210
3669
8328
6143
3839
8842
5964
723
226
7081
8122
7135
2421
1254
1095
1679
6514
371
3860
4353
1638
4097
5279
6528
6406
8324
3893
3965
148
1737
6284
5584
472
3000
3583
3897
8924
8429
5654
6592
579
4046
4744
6878
4034
4470
4026
6651
6511
2950
5862
147
6866
6230
1807
7193
9236
9103
5313
9768
8254
6319
3974
7239
7015
7560
715
2583
1227
6770
2080
1183
8860
3079
9642
3836
7714
5573
5935
6092
2792
6424
4658
7532
5403
8333
4869
7501
2176
3407
3337
989
844
5476
2957
1041
3705
7330
5044
4344
2510
8287
4110
5573
2428
8732
2988
196
122
7441
65
6100
5064
5839
8856
6925
7174
6916
8610
338
9826
5855
852
3784
7819
8037
4506
7997
359
3036
7082
910
3912
8286
2042
1530
7945
521
5774
5413
4317
1602
5426
406
822
9115
7156
8154
8875
683
3264
2472
4514
167
8702
3792
2948
891
9697
2516
70
4086
2992
4470
7358
3417
2632
2729
5159
6406
2462
8825
8524
3101
3839
6796
6074
5087
2245
2835
6333
4939
3082
8855
4755
8634
5420
4172
839
9816
6600
8506
4189
8627
5306
9672
5354
4600
9546
3892
780
5819
3590
6976
6369
7133
7364
9096
3629
603
4436
5236
7760
2211
4282
3118
8371
9125
5288
83
1356
5422
8978
6985
8138
4012
4243
9666
5961
7118
6805
1580
8080
5958
4425
9511
8168
12
3837
1459
4603
17
6412
1063
3709
1860
3273
3150
8295
8266
5747
6225
7890
3740
3037
9723
9365
2487
9001
1209
2615
169
349
7781
2623
2185
1927
3011
3051
7714
2993
1213
1833
7723
1164
4336
111
4473
3890
9511
6984
3639
6069
1974
8572
8929
9789
3220
4199
976
1427
1279
4989
8173
4024
4103
9228
1290
7583
4824
2291
5430
3035
2839
8905
9946
2244
4018
4395
1564
3678
3544
6743
2892
7944
8867
1700
1433
1294
8847
563
5736
6698
727
94
9970
2981
2031
8082
2616
3448
9564
8689
5822
2
4595
639
7201
6120
9454
9952
1482
6763
975
7264
2283
9352
8626
4599
5638
6404
77
699
8437
7127
5389
2911
4114
9605
4093
7314
3867
594
1371
9580
1275
7661
4354
4124
1659
2197
3459
6576
2771
2886
7868
6120
3875
5088
5293
3211
153
9425
7196
8831
9713
3024
9236
5532
9551
8635
6731
1484
6787
3356
7859
740
5198
6911
5396
8288
6077
1920
9499
5966
5827
6782
2691
6247
9324
3602
124
9152
6004
9226
9536
8160
4698
1162
7864
37
1416
43
2074
1581
563
8007
1941
6971
9873
2052
6834
7251
628
7061
4131
2984
3485
9002
3431
6444
2281
4505
8252
855
6237
1865
5151
3289
3459
8203
6614
2845
4034
9642
123
6344
6651
346
2669
698
282
6965
9718
4210
4892
5063
3104
3054
2522
4821
8859
9343
4258
7535
2945
9081
5236
1568
8644
6596
9509
908
5137
3987
4164
1815
9954
7224
1997
6667
2622
9826
7724
5396
219
3895
4565
9197
1211
5045
2628
67
1013
2577
1611
3102
8591
461
9045
4270
2205
3773
1822
9551
995
5264
239
5787
4888
638
5082
8284
5956
2371
7496
9656
5604
7296
270
7085
2865
9760
744
5356
2566
2909
2827
4890
7187
7482
9137
7812
7116
9560
2126
7213
7538
4665
6654
3781
8942
995
5666
759
8058
7206
4298
137
5114
7342
5149
268
9230
500
7027
4707
4048
7972
152
5048
4011
4143
2826
4486
1033
844
9794
1751
4952
4047
2852
2384
5392
3606
4204
5688
8819
7729
8425
3202
3213
5370
1651
534
204
6074
6642
2762
1422
7345
8768
2986
5818
8661
963
4652
4480
1626
2874
5461
5400
2348
8278
6874
6874
8664
9270
9547
124
8738
8583
4831
1041
4519
127
5338
3022
4137
7225
4408
3782
4109
9644
7144
8516
878
4157
6261
7696
6278
3915
195
6105
5605
771
8251
444
4300
6726
6014
32
6378
9224
4438
6617
1491
7203
5765
6033
4588
5951
9545
7037
7701
2819
8252
7032
7094
3895
6748
8870
4677
2080
130
5698
5289
604
3912
5722
3065
3635
4761
6601
9148
5816
427
5213
3128
3079
1562
1021
4885
408
8805
2743
3696
6272
7131
2360
8643
8984
3764
5521
1256
478
1583
6747
6448
4179
3673
3033
2503
3898
6863
8668
9836
4308
8034
5991
335
1181
3635
5167
8535
6054
9012
3678
2107
7725
2312
5746
1875
7397
6063
2817
1854
2852
4558
5849
7398
4065
2443
4020
7935
2948
7945
7034
4520
7867
2915
5630
7656
4205
3077
7793
6279
1288
5667
7036
8400
6513
9964
7750
5034
5012
7621
2746
5832
4559
7917
6239
2954
1075
4256
7400
361
8346
8726
372
6643
2869
410
5504
9201
7040
1249
2486
1378
4966
5584
2435
3103
362
1447
279
2209
4797
358
2915
2912
1940
5460
8565
3019
9513
5970
215
8932
9955
4372
1838
934
2913
3659
8310
1811
2658
9012
4339
3220
8876
7380
8321
2537
8649
4678
3546
3456
9491
5347
7690
8035
2742
9071
8890
4406
4142
1189
6316
1740
6113
8758
2344
2055
172
4928
7925
3196
8606
4841
9970
2902
2456
933
1534
8614
1181
943
3150
9213
7658
3290
6238
8732
2125
4106
9898
786
8072
5664
8305
2442
2060
3119
2066
947
815
7548
3993
5522
3813
6331
1529
4905
5464
1965
2555
5314
8358
5814
224
6944
3603
2697
2282
1971
2553
2992
623
5383
1264
7325
240
3031
8944
3561
7123
7257
7940
6238
5942
3744
4853
7232
8167
2308
63
6371
8397
1471
9358
6306
8283
3986
7291
1962
6661
7626
131
7438
9348
334
9653
4184
5820
5639
6121
7073
230
5088
8619
9864
7504
3937
6267
682
1617
7647
1459
4306
7014
1563
379
9592
7951
2627
5189
9798
6674
6261
3874
750
8380
3426
1990
8912
3849
6454
9217
9928
6796
3933
4882
5856
5038
2680
8208
7093
2629
6119
3788
4135
6061
6537
4811
2943
2093
2197
6204
3738
8503
9861
6069
6849
3329
2518
6297
2832
1701
1944
3807
5131
6290
1771
5911
6277
5963
4239
9466
5568
5631
4432
7682
6990
321
7059
312
8787
3658
4578
3864
9858
2066
9961
5154
3073
4244
1260
8186
7496
3112
9367
2625
635
991
8313
1304
1963
6585
7251
1247
4247
7454
4647
5969
6691
7792
5296
1058
6125
1052
4776
6917
4887
9451
3470
3110
15
9537
7318
7755
7300
2997
2705
6743
8208
7370
3943
9885
7111
6793
4303
2462
3559
7003
956
8670
285
224
9763
5922
8215
5598
6695
7025
6657
6429
8937
302
4701
5546
8472
2217
552
3360
1756
2733
5153
1824
9606
2934
6218
2691
8331
2386
2031
1060
4659
4678
5389
9543
3439
9091
8803
5101
3582
1103
8369
2305
3853
7470
6052
8341
5323
2904
4412
1441
7782
9868
5947
4310
888
8626
7308
3997
5513
6841
6386
8749
4188
9627
2932
7787
290
4627
676
8156
6377
9161
4312
8853
7357
656
8547
1044
5669
8163
4823
6311
2016
2110
112
350
9650
7160
7361
3634
6297
8908
9377
8838
265
8464
1672
2641
243
4769
4357
15
5645
7026
3540
9525
3560
231
4424
7731
5471
9101
6983
6472
7951
6743
1153
3709
6714
1617
4465
5682
8826
4117
785
7285
5428
3613
9785
7824
8165
1121
6959
775
9580
576
9264
7136
6108
6881
7983
5422
4011
1283
8538
8370
4864
9221
7964
2833
4941
7541
2796
8923
4235
9832
613
301
3666
5603
7788
3175
9974
7888
2739
6377
5278
7148
2518
1036
6851
7822
3530
8414
387
6756
5078
5078
6745
749
5255
3545
4724
5134
5609
7410
5651
4671
4853
7515
7327
4097
9645
5479
8363
955
4919
1781
395
4484
8536
6694
3993
412
9573
1547
1583
6376
9320
6832
4586
3207
3655
828
933
8760
7879
7439
783
9689
169
2574
666
4698
8860
3328
6791
1433
977
2162
2520
9260
1831
5839
2466
2166
515
6007
1493
2562
2510
6615
3557
4040
679
8298
7970
6071
8088
3708
946
9505
4421
8935
8749
5890
166
159
7094
650
2595
9935
9353
3017
6891
87
2094
3475
6744
348
7604
520
2628
9405
6033
2524
2808
7557
3543
3053
803
9121
3233
3174
7181
623
2880
318
6660
6812
2772
4486
7998
923
7155
3582
4585
6697
5202
2921
9236
910
9525
247
1678
4918
6474
8908
4340
4326
8313
4414
2944
2813
200
3012
1882
3419
3843
7255
8412
8205
7001
8391
466
9972
3525
7691
3482
9379
9193
4520
6069
5228
8170
6518
3105
968
4029
1726
8565
1603
856
2173
4288
8175
7084
765
9281
7494
5808
5826
4995
6448
430
255
4830
439
501
229
7663
9313
1783
9255
4217
7371
5915
6875
8549
7369
638
4626
9588
6105
1622
7503
1217
5593
3897
2293
6843
2080
1586
4685
546
8006
1685
9453
8940
8608
9430
1534
4916
1473
5161
4927
4129
2118
4175
1191
3949
4410
1694
1276
2294
8713
4233
75
8100
9329
9326
7560
991
5074
4018
2298
6481
5819
8317
8196
780
8220
2735
9659
881
8853
2081
5335
3634
6734
2672
4631
3912
2148
2494
3211
8414
4257
1183
7095
3937
9863
7066
9242
4010
8584
5394
7527
7983
7589
537
3650
9841
8811
1978
1458
3929
2569
7999
4466
9110
4691
5381
5480
888
3945
3208
6332
3701
8530
941
6767
4840
6949
5887
8834
4261
1163
5746
2267
11
9677
549
5420
968
8141
8982
6469
2205
5103
1777
382
3123
8472
4775
2617
545
9002
1344
6649
1305
1814
5883
7494
7925
8724
6812
9564
8217
5281
6145
3284
5125
8321
4873
6743
7559
919
5159
9513
8739
3138
174
255
2531
8852
1109
9300
3110
7444
5200
5289
2988
808
8506
940
2698
1586
7995
9120
87
8459
5678
7233
792
609
9683
8717
3563
8015
8541
930
1060
1585
9273
3672
9403
2341
9576
6512
5549
2
7733
1510
2293
4303
1966
6280
6039
6154
1283
5186
8145
6419
2837
267
4334
2980
4599
6371
3342
7007
4990
5375
9609
2928
257
9433
1054
9872
2192
7280
1118
5137
4124
1522
4826
5011
404
3783
6868
3131
1263
9323
5652
3366
8980
6489
9272
9650
4168
4288
2299
6039
439
8001
3327
7601
4324
1165
9995
4565
3810
1783
6019
7241
3432
6168
422
4347
6574
1550
4305
8719
8996
9709
8972
7257
7366
2231
2453
4023
9989
5957
8991
1639
1351
7212
7780
8073
706
260
908
8640
2961
5826
4010
1703
8636
2739
3680
5711
4029
660
2928
9106
8446
1272
9751
7479
3325
5103
7440
7531
5276
9972
3232
1737
4673
2796
9850
7500
9047
3296
6064
3451
6266
6489
1106
7576
9426
2960
9136
3515
1453
263
2667
3656
2629
7403
4751
2779
1070
683
5046
6761
9674
1954
2271
6512
4473
3686
9313
6858
183
9181
3713
6631
8830
4872
3968
3546
9638
538
1328
7970
7195
9678
1049
8862
6591
9053
4447
7064
3136
6202
9461
5159
2018
6156
2214
4879
7828
8652
3018
3138
2599
2076
8964
7842
7909
2153
3126
7194
5148
7436
2440
508
8615
3455
7942
5139
4062
6876
8614
3129
6642
8219
3352
3051
3391
6908
2810
9583
8427
5703
9344
2315
4089
8904
2734
8903
7891
1464
1925
8134
2758
1599
3023
6937
5691
9856
3241
6859
5548
216
894
5547
4521
8556
7505
5725
7896
8339
5192
4933
7509
7570
8787
7126
5630
5312
5188
59
9465
9308
5712
8817
4764
5542
7637
6534
6707
4842
4043
2949
2197
8444
8906
8761
649
7573
5928
5216
8393
7404
9209
2556
322
5187
9530
5622
7167
9819
1193
9451
4902
3750
6083
3560
588
1839
3831
1397
1720
555
2268
229
2271
8253
8245
1112
8892
1035
8737
7515
5661
357
8039
5989
2538
9247
3734
3968
8192
8358
5136
2790
2567
899
200
8381
5674
5801
7601
5921
9282
8038
8191
8599
9550
7270
7352
8123
6463
9895
8352
1097
5408
6925
5416
1379
7274
8235
4730
131
7245
2487
4040
9391
2483
2568
826
3442
3687
3607
7419
5570
3143
161
9009
1541
8313
3837
2940
6181
3965
5840
5584
8383
902
2061
3277
6365
3266
2972
5907
5805
5876
246
7266
8250
3054
1796
3061
4556
1570
5356
9688
3199
4170
4102
9876
5018
8905
1627
7183
8630
3882
5378
7196
3751
1888
409
656
2063
9602
7448
159
6455
5984
7559
6785
4462
2556
3469
7949
2742
1903
3413
7091
3761
2437
2916
1082
7199
7970
1190
8920
8336
9567
7945
4903
5658
2375
1796
5789
5269
1976
1015
6957
1553
4391
7831
2197
5185
8468
6761
9051
9822
4004
544
254
5370
1813
2838
9959
5
9538
5212
9621
6527
9741
9063
8831
5314
765
860
8705
1579
4090
1687
3720
4754
147
5343
8806
1252
7198
2763
4182
8201
1257
5985
5044
4121
7005
4326
4792
1841
1922
5915
1766
4702
8222
5220
2159
8273
8084
3374
7462
9981
7135
5629
5116
3475
6368
8672
4436
7218
3403
6432
3385
495
3663
2568
8379
7253
6951
1337
6422
7925
8110
2551
1881
1625
2815
383
6299
7685
2561
8759
8217
6815
2501
7513
4005
3277
759
7024
9604
6682
4863
6702
271
9509
339
3519
7642
9589
2244
3369
6538
169
5245
8458
4715
832
6026
9679
3712
1348
3858
5603
2128
2966
6561
5554
2391
5050
7742
7488
2090
4311
1499
7027
9852
3942
4953
6233
9856
4211
2871
5111
4693
2668
875
1217
2039
5799
6680
5911
9255
7667
9402
5571
762
529
776
4522
122
3513
6741
4967
6521
3114
1185
9354
5091
6092
3994
4280
4352
3269
6702
5397
8567
803
2399
2396
1885
2378
8787
1914
7819
4115
7464
3272
8073
3034
9430
3928
8308
4277
386
9417
4861
3390
1134
8380
4951
4729
3377
5689
810
3080
8522
7228
9150
7716
3900
2136
6616
981
7307
7547
3251
4336
5976
841
4001
4103
2927
7121
2331
2278
9931
1886
1089
553
8706
4856
2692
5754
125
7469
7066
4733
6813
360
1220
985
4082
7474
7387
8035
8344
3723
5453
6932
9528
310
7390
1274
1814
8709
1947
42
3017
2010
8135
3604
3669
1124
8309
9492
5322
8898
5950
3154
1816
6795
3131
8621
7664
7881
4513
7302
5670
2443
4395
8494
5026
3440
8183
504
7457
1495
174
9211
2560
6791
1986
5902
8703
3461
8625
9185
6242
9077
5553
2925
6892
4477
6736
2195
6002
9363
3564
3663
771
758
4889
9434
4965
424
2980
7325
3747
4610
5544
7052
3037
1940
8386
6757
5525
6683
6835
5722
8611
8772
3586
8899
9737
7931
9296
9557
3492
7630
15
3192
4440
2845
6821
6882
8173
6152
2763
6671
374
4115
4217
1015
1419
1998
8327
2545
5520
9492
5124
8190
1953
9602
1236
6222
168
8418
5333
5286
2238
3898
5597
3795
4599
4888
9412
5160
3098
5184
2263
7845
3316
7318
9375
9922
6697
1575
1626
4609
4884
6528
6822
4518
6226
7312
2978
3148
3340
4440
3059
3097
5225
539
5373
6033
8547
30
4252
4862
3940
9555
5255
7511
3881
2575
901
997
1960
2997
3071
2784
5112
7848
4084
8239
5776
7417
8700
4641
1686
4622
6110
8101
8678
4963
4302
6230
4307
8789
4560
3267
6662
5378
4886
9193
1572
7966
8331
6160
6696
9701
270
8471
13
5878
5177
1964
4549
7422
8019
4585
6195
1045
4590
5649
8791
7406
6551
3058
3908
5554
6090
7363
6188
8654
5506
886
4471
309
3742
3747
1919
5919
2134
1678
3557
3983
2941
6320
7515
9142
40
2456
2559
6974
853
4162
6054
8514
3602
7861
2027
7221
3468
8340
661
712
6813
3109
6798
730
9821
5080
304
2707
4994
7451
8368
3031
5092
4537
3711
5868
5518
2976
789
9903
1947
5562
8311
5937
3457
5628
2097
4933
8611
4808
890
5110
5645
478
8708
1335
8895
2291
8345
9934
747
2127
8257
3263
5718
3820
2692
4718
1171
48
5522
1926
5658
8481
8387
5645
9967
3410
7484
4621
971
3475
6730
4423
5415
5928
4079
4111
812
2665
7310
2864
798
8950
4197
1196
7713
780
8097
3012
6029
8618
5632
4164
3771
7598
4321
6223
7718
5915
4158
7371
7631
3363
5728
3563
6388
3320
7255
9014
8529
4029
5043
6444
7222
4910
4991
50
8195
2586
6319
5133
8728
2145
8059
4628
8535
7081
3416
7007
9820
6602
7615
6679
4632
9758
8097
2071
1464
9297
7786
2101
1618
1223
9540
6375
5061
4598
2896
3544
7879
4554
9551
4406
4227
9029
7756
9053
6625
8454
8326
4187
9953
1274
9671
4438
4763
5797
1344
8628
7742
8877
5029
6584
3323
4757
516
8578
5586
6387
9851
3485
527
8158
8636
3088
4985
1548
8198
7687
3297
337
2350
6971
5081
7970
2072
7051
5352
5349
6002
227
6173
7539
9744
434
3713
1653
9610
100
3715
2472
7905
5832
3199
7126
725
7435
2837
1618
1546
8815
3846
3040
4524
90
5227
3466
1314
8594
3155
1849
5881
9114
536
4241
457
6009
8659
9309
66
3840
4580
3966
1259
5594
7017
8052
184
1648
4235
9747
9437
4187
9324
4176
5165
5994
2518
7444
6240
4377
5538
8250
8673
4999
7554
3146
2155
8410
5096
2501
4740
5284
2150
7860
7109
9823
4812
6897
6796
4760
6600
4770
3143
2677
7431
1735
1906
1633
5602
518
3956
7147
3048
4084
6520
7402
5579
3429
8030
854
2252
5310
9137
8161
7885
6944
2748
4556
3096
277
5874
4625
4623
3747
5997
1784
3004
121
4692
5586
2002
3720
5538
2920
1136
1169
8155
4364
9131
5541
2714
6195
3480
7786
9335
3414
1735
2383
7982
991
4595
6638
5388
4687
7255
1099
781
6106
8122
7056
3194
4596
8437
2097
2915
515
9764
6768
8390
7600
8651
1500
1637
2574
9358
120
3698
9674
188
7646
7444
5166
9085
9529
5009
938
7334
581
3590
4766
5316
4643
6909
4944
2005
9681
1985
2587
5782
9860
6913
3278
7372
6875
9927
4414
2287
8908
6833
5156
1643
7176
8441
5909
971
1217
5145
6395
4536
3427
9193
7708
3405
2948
1645
2105
2090
2583
7632
7286
3629
7256
6811
6216
5215
2307
7612
492
9576
7673
4081
5842
7516
9529
3265
3700
1517
6064
4609
8220
1240
8234
4616
1094
6023
3077
9741
8238
665
5600
5224
919
3200
587
3386
5852
1267
254
5979
6388
8898
9089
1525
855
8247
7449
5287
919
6115
218
4417
3426
3318
9330
2878
1059
6730
3242
8090
3785
2137
5646
6871
5898
7824
2356
7646
5995
2625
6611
4673
3109
8449
8870
1895
9632
9632
5170
2198
8605
4217
8409
9802
7338
7352
5851
6230
9060
1587
3570
2783
564
510
2452
5126
7881
89
664
376
2343
8504
9137
6860
892
6480
2405
8545
9205
4840
6529
4526
1732
4907
6906
4092
7639
6154
9008
979
5259
714
9560
2653
9032
4028
1831
4571
5738
7800
6615
9350
9155
102
318
2485
1375
8811
4788
2770
2101
7119
7604
3480
435
9416
7585
1351
2283
4224
9091
3189
6397
8486
7390
7320
5313
9078
6097
118
864
6877
264
2004
4638
2742
5368
7742
6630
8250
2141
7663
7103
3883
5566
5693
5900
9943
2048
2612
6840
1189
7234
5125
3456
2190
6954
5590
9563
2020
3878
31
5329
939
755
4767
8457
4742
819
8180
4441
2122
4930
4427
8867
9353
6346
1385
413
9663
1511
1250
8326
3754
736
7275
110
6245
2127
7109
5824
2825
1190
2260
3612
1974
4439
7465
2918
6977
166
9322
1622
9006
3280
9286
1571
2482
8433
9811
3033
5998
1149
7338
8889
7399
6321
6117
1610
7039
281
4510
9379
260
616
9309
1712
8688
3334
7354
8334
4430
7153
6957
4679
3964
2462
1028
6255
1931
6531
5178
2969
4144
3215
4000
6461
6196
5855
2184
8949
2776
2165
8666
9292
2245
7163
5512
5936
1925
6490
3739
5031
2681
9738
7445
3555
1121
95
5850
6151
4250
4467
4826
7288
4548
557
1902
6206
6848
7038
7868
9296
6888
4328
7685
2539
5518
4319
6746
6725
3538
8369
3964
9863
6651
1161
6448
5365
5424
9932
6669
5476
8862
9102
3620
2729
1440
1421
342
4576
778
2186
702
3445
9152
6182
8525
185
2169
8344
5596
3811
5352
4104
8908
9753
7013
6334
1526
938
1616
7955
4783
5279
5073
9605
7683
9145
6584
5161
6124
1569
2843
7124
815
9542
7011
6755
1412
9755
6536
4282
5789
5290
9168
9737
8443
4026
1165
9353
8744
6732
9277
6750
7073
6436
5260
5762
9162
1302
2742
3164
918
8886
6910
5985
2895
8515
6374
4232
8061
6521
3296
8106
7443
6800
4588
5640
6229
9803
895
564
2121
5804
1814
6106
1613
6586
2358
9929
4369
75
8247
3998
9374
6217
6147
8476
9245
9005
8809
7811
8402
3645
723
3216
8345
254
2106
5424
1883
4722
7846
1276
6608
8406
7983
4016
108
9738
8832
2806
1531
8266
1497
8502
6156
1284
4176
1461
3619
9409
5419
1697
6207
4769
7016
4108
5727
3995
7423
7416
4919
1223
8426
3449
1404
2499
8641
4428
9824
2978
6818
7598
6730
4263
2528
9667
8456
3844
8570
9140
6157
8073
6838
2058
8229
9328
8965
7306
1489
1181
6675
7347
6275
3029
4195
7610
2112
6450
7707
8504
3700
6123
1153
2549
1889
3628
7854
8324
4723
9881
9777
6568
9616
2217
9218
7034
6843
4992
1559
9518
2180
4031
4034
9188
1298
973
5145
350
6531
798
1287
801
5802
7403
1003
5059
479
9874
379
3395
7668
455
5288
1055
5327
4518
6164
6553
2764
8516
1651
1219
7913
8203
5145
8584
9567
9660
456
100
645
3805
1545
6243
1831
3779
1651
3512
3715
5827
9865
3448
8086
4991
4268
5497
3512
4901
152
4790
4247
8963
1225
1210
6432
280
665
1593
4734
4476
7735
3754
8776
7599
3322
3229
7798
102
7986
4983
9838
6202
514
7254
492
5307
5202
9004
4031
7790
6294
2970
8618
4690
6608
2572
3230
2965
8971
236
890
6526
5361
7430
325
1311
4988
6789
7172
3451
3908
7630
8267
3281
2672
2460
9703
7184
7127
6755
7003
395
1137
8068
6514
302
9626
4528
9529
1305
1818
2801
2074
4996
3608
5827
3349
1661
5526
7300
2425
7514
3640
2486
4435
242
1319
4194
6993
9664
6158
8624
9346
6728
9817
468
7326
5196
7506
8977
6276
9692
3499
6918
8393
2313
690
8120
4392
1305
4941
7305
9992
660
5395
591
2643
4098
1408
3205
983
9086
2828
9999
5044
9479
4449
2305
9006
6651
3467
9385
139
3877
6285
7760
6952
7213
6933
946
2769
5774
9037
2658
9813
2037
4254
6383
1676
4442
5207
3046
5164
9198
5444
8982
1050
7875
369
8837
8923
3455
9935
1451
6795
4161
8942
9153
7806
3049
445
5319
2153
9174
795
5140
3879
9587
269
9991
7110
7781
7605
1191
3608
6104
7107
2584
2877
7577
7764
8199
4297
2514
977
4295
7057
6684
8953
5607
252
7951
3499
5775
3020
7833
3534
2198
3022
5479
480
8843
1741
2713
235
6495
8666
6615
7815
9250
8210
4398
5686
2717
9430
6931
9880
372
906
3611
5456
1367
8130
8598
8767
6721
1859
5707
8137
1707
6523
9062
1490
5794
5622
9164
9012
8852
9532
4375
4372
2752
8914
8986
4979
9009
9877
9605
5200
9761
5695
5011
5957
475
6892
1742
8725
282
8227
9353
8450
5151
9795
8765
8258
6360
5440
6201
6986
2304
202
2634
2686
7774
4544
7560
8714
4206
5984
7234
3257
4559
3553
642
3083
922
3214
2907
1986
388
8932
3639
3918
6907
8510
1104
2686
6252
8946
848
6568
3398
78
8239
4295
1353
4811
5258
3301
3655
5295
5502
9446
5454
7897
3793
7524
7416
8132
2387
7076
97
467
9746
3015
7961
7345
6076
6099
1149
7347
4497
8517
7747
4005
3490
8598
9770
8262
1166
9792
1786
4339
2442
3213
9817
6981
4620
7567
1707
3826
3008
9121
1706
7548
4823
5963
3408
6908
1203
7902
5817
5038
4884
1324
4471
7614
1042
4035
598
131
4710
9266
7898
2184
917
4429
3220
2687
6063
9480
4618
3522
3957
1917
5161
4701
8119
8960
1779
4852
8085
5358
292
2248
2863
939
6287
1175
9125
1889
4684
9120
3682
4254
2202
3206
7628
9356
586
2875
597
147
8665
5662
6041
1933
2468
2533
5829
5528
5161
6725
281
6626
2281
3773
8913
1415
9314
6148
6792
9224
726
2186
6688
9871
971
4593
3718
1430
583
6043
3606
2475
5521
5911
2944
9249
6181
9383
295
1215
9765
1245
6438
7226
2802
8460
2440
3119
8209
3444
6375
6026
4738
669
4761
4698
2502
7517
9024
1865
8293
4233
2150
7011
7271
7099
7983
5409
885
1176
609
424
1512
2325
6916
754
4445
5679
8186
6747
7988
9142
7940
3207
28
8885
7113
7238
6443
4599
7809
158
9854
4862
8950
8291
9623
7601
8506
1519
8667
355
4629
4183
4797
9494
6922
9845
5807
9987
4624
3113
746
4339
9461
939
6635
588
2191
9754
8686
2967
7713
4627
6300
1450
298
8676
7213
9839
3020
6433
2159
5633
1257
6997
844
5248
7931
7757
2051
4752
8364
8137
4326
5799
7041
585
7540
645
5711
5206
4989
956
1253
4037
7382
1850
6360
2549
5152
3690
6933
7233
2515
461
2442
5755
7134
2867
5700
1088
5022
6623
5273
221
4820
2688
3391
1210
935
7543
5270
8359
843
5428
567
6277
4344
5400
2607
1481
6507
7975
1277
7861
4535
4386
3953
1479
772
4813
5254
6385
8760
340
3361
9163
3379
4351
4908
4207
5484
8763
3192
7773
9441
4539
7690
5466
9411
8815
6854
229
4715
6177
1614
5042
892
6689
9711
3831
1913
7887
5870
5351
4382
4447
7457
1815
7935
5281
7402
5949
8279
5311
1190
9338
748
9857
8316
9305
3514
8844
350
5472
3232
2392
5538
4613
9899
4767
1177
3795
2795
6098
239
7187
5174
2869
647
1024
6673
9704
8989
3747
3181
7421
6504
4711
2004
5031
3361
4811
1183
1717
3348
9592
4295
9262
1783
4900
9853
4928
2607
3179
7340
5820
5524
4092
6817
976
9161
8902
5910
4904
7028
9858
7876
7567
3348
9589
9265
3272
8380
9978
8415
341
6161
4151
9204
7524
9338
8413
1354
1101
9107
9574
4795
2651
5426
1821
8534
1138
265
9712
5610
5246
8660
3302
47
7620
1691
3272
3364
8599
4723
2264
9560
6542
8247
7157
323
630
9166
6260
9072
8814
2330
1611
3914
9258
9481
2069
3772
8671
5553
5732
8241
4108
9177
9261
7132
6919
2080
5333
2740
2077
512
4122
6493
9817
1841
6366
9348
7904
1246
2110
3868
904
6531
8531
1941
3175
4627
6409
5998
8975
5306
1263
5815
2406
6202
4396
9555
9118
1528
7829
8260
430
9843
362
5598
3557
2387
372
3777
3495
3109
8466
1684
7700
2680
4172
3458
417
1640
6063
8794
8288
2095
1017
9278
6551
4596
1230
8442
7449
392
6245
3951
3988
4817
1541
4686
5729
7176
7311
4919
5172
7191
7403
2631
1640
6865
5140
9342
3608
2984
8517
5603
4888
2051
5474
3119
8386
5396
2938
3580
6635
9990
6496
3270
5201
2681
7940
5304
8475
4518
7625
88
7380
2222
7144
5618
3799
7815
9349
2528
6297
866
6134
2942
6854
2356
6224
9478
3561
5420
135
1686
1053
3938
4161
6039
4982
7461
7507
8250
1290
7926
8262
6044
2349
4013
1701
3433
2033
4792
3654
2084
7879
3867
8931
8059
4557
6837
1433
3805
6146
9582
7050
8356
5944
8921
7842
2249
5656
3180
5842
3956
1565
1815
3813
4684
6081
8666
5002
1035
3134
9514
3845
2052
3907
87
7591
4455
2803
9546
6949
4263
7576
2147
8881
725
8946
8375
3047
3737
3210
7931
5346
9212
1941
8534
7839
4330
1236
9794
5815
5470
3084
9437
3689
4369
8652
299
1256
6017
9011
1546
4699
9164
9848
4237
7930
8902
4550
3487
1785
9328
457
616
2628
1474
9072
9966
9513
7014
6874
8151
2584
9826
6550
3513
2044
9822
1056
4654
6396
9127
2463
9988
5743
1215
3634
3398
9579
5182
4864
1441
1120
5550
5315
2000
7519
9562
7514
8373
420
7128
4807
8228
2687
5469
8767
3153
7953
9869
8600
7057
8536
4940
2983
2207
9475
6869
8866
4716
4134
7764
4582
8539
8952
7497
5273
8302
476
3360
5307
5547
1293
1779
8474
6860
3248
5591
2621
6623
3174
5339
6118
9019
8256
5703
9874
2957
9901
3894
6379
7409
6292
3365
5419
5204
5071
2652
9415
4869
3055
6185
6850
9232
1261
1809
3806
3797
2179
1653
3149
407
1668
4589
2243
7691
1761
3132
886
5593
4177
5044
9839
8028
4314
63
604
7966
6581
4673
5213
8445
9499
1224
6465
2626
2306
7616
6136
1681
8479
9383
920
219
9999
1345
739
1755
2620
9105
381
7743
4406
1011
4668
2351
6436
6732
9644
3929
9505
9622
3240
2157
8274
7171
6128
2915
8670
6990
4631
6242
8777
6523
4189
7420
6186
4824
889
9768
6267
1257
5324
299
972
7971
5351
9688
931
5383
4852
9426
8692
8674
5204
2698
594
1542
5402
2818
9810
5970
9569
7437
7002
5145
5043
6185
9610
6029
5592
7453
2162
9948
7448
8668
6834
5188
3187
9828
319
4004
8198
4708
9798
5673
6329
8737
6757
6565
3015
3834
7039
2018
1207
1424
4419
6271
1459
7134
7770
9464
9006
3076
4641
8407
423
4154
5454
3555
2485
1941
8524
8802
3349
790
8998
4464
962
783
665
8881
4801
5255
4963
6881
4835
1906
1889
6660
4239
1905
7149
2250
8373
4369
5413
4307
8634
4959
9016
2789
333
6240
181
2702
5240
6194
155
5889
5307
7358
1973
3609
777
2842
4327
2522
3510
2729
1074
9882
719
6928
1996
4741
7366
5951
2171
8794
6628
827
9401
9020
9260
3490
4798
7569
9592
8721
3281
517
7260
8618
794
9630
1009
1671
3199
6039
9547
5590
374
2152
4025
1164
3364
6601
3961
2835
8475
9675
9562
3427
7465
5541
6185
175
3360
8472
5511
1447
7670
4886
528
5288
6953
6121
1281
5259
974
2228
5268
3167
8605
8780
6880
7530
1304
5350
472
6737
5557
35
1632
9335
7863
2468
5928
7527
5973
152
2514
1891
4243
7185
8076
2449
8881
3772
6027
2873
5820
2952
9141
2171
4304
540
7155
2496
1417
6483
5385
1336
4339
2379
5457
6306
4681
9931
6140
5735
2078
1738
9403
8079
3678
7422
4311
3817
3602
4556
3073
8171
9829
9445
4536
9105
8052
9447
7676
6462
2485
8432
4480
5036
391
3692
4749
6890
6032
4355
5277
2937
44
6416
7501
1736
8484
5693
4854
2388
6672
1155
8375
1771
3940
1721
6773
8513
982
8411
3625
3721
1643
5778
1255
3750
7455
5107
7292
6901
6012
820
5120
4188
7730
5190
3312
3996
3033
3974
9753
1969
2492
7594
1799
8560
5960
2957
6922
4219
6552
3955
361
6921
3997
1268
5234
5157
2833
8470
4616
9864
5809
6918
8397
6319
6301
1943
3033
3970
9121
5546
3364
8726
2973
9626
7614
8054
5460
7699
2917
6574
5174
6772
4036
4161
6820
640
8837
7325
6696
8046
7775
5633
3452
4876
9053
8182
9350
7638
8857
3494
3519
1449
5060
795
3414
2227
2928
4002
9840
4201
9400
5544
3028
5090
5347
787
6029
5630
9467
945
285
2321
2315
2513
3936
1468
2505
8127
8771
9738
448
7330
3680
9459
7986
4750
9050
8541
2470
9637
9429
2278
1982
127
3327
8728
5245
638
7853
2680
3619
7213
749
5863
7033
306
6393
6073
4751
9081
7339
1754
8300
2114
5770
2213
5393
9608
5995
1402
3479
5412
9023
5787
5906
2078
60
5482
6172
2373
6145
5895
4406
8761
9091
5510
7927
3440
5844
2321
6394
5303
2746
9300
6341
3639
9409
8656
5990
7197
69
3940
7600
1317
4832
556
4213
9643
1091
2144
5708
1139
6647
1624
1917
312
9192
4288
4593
7682
6963
7990
5190
7595
7
9292
9237
6931
5955
6935
722
5126
7450
8121
7170
3664
590
6001
9208
1975
4119
6173
1604
9059
7724
305
3484
2988
2456
3569
4450
2830
1202
5243
6587
576
1759
3634
1178
7833
8051
7374
4781
8927
6275
3180
1091
4065
9752
7082
6902
3018
5217
9413
2787
3172
6730
370
6699
3372
2140
3163
6021
702
4742
6639
4097
2609
9334
9892
1190
4011
4259
9541
6122
2330
2884
1449
3795
6246
6527
8515
7365
3947
9933
5572
1150
3183
2538
5762
810
3018
2573
7893
4185
5398
8352
9656
5578
1667
7551
8983
1074
1626
783
6850
6184
1152
2232
5029
2957
4627
8208
6367
537
6905
2189
6474
9636
3216
6177
5746
3817
7103
3851
6603
6808
9072
9414
2786
2703
2898
6503
8701
8858
8819
8293
6512
6288
7406
2870
7052
339
4942
8066
8374
6350
1412
7200
3330
8504
5432
7701
9824
8496
1228
1241
1151
3760
1503
2972
8623
9598
8995
350
2799
8439
6527
2852
5119
4439
6012
7385
384
3170
6343
7170
5826
5548
6151
983
9277
6255
8463
6272
24
7648
5158
428
9911
2004
5370
3146
1704
2188
2823
5390
4727
6697
202
3068
692
9408
1024
5452
6704
2973
8784
4559
4494
5309
3034
6129
7226
3295
5117
9403
5648
9738
7898
273
669
4044
4534
1861
2219
1053
8123
6119
4088
4380
4684
7639
4656
6998
4698
6319
4028
518
2879
4135
5315
3413
9564
6826
1701
9698
6373
9796
2985
2674
2658
1866
1513
9042
3252
801
4339
390
3506
5921
4446
2435
2837
50
220
9072
3620
9824
3380
6722
4155
5711
3562
509
8730
2073
1630
6054
2736
8078
9088
6398
2386
2184
6868
6123
9920
8256
9215
8927
6628
565
6796
7035
3529
9539
898
6536
4115
411
4232
3963
422
1806
7600
4863
5798
8449
999
1278
6329
3469
2313
9068
8644
8189
2766
7980
363
8551
3039
1360
621
8081
6969
4883
1019
4435
2712
2163
3085
1637
9968
7424
5085
4950
7858
8029
816
196
1389
6665
7950
71
3200
4162
6154
5082
9988
845
8783
3293
4703
4258
3544
6143
3598
4335
9254
632
9861
476
9438
5093
8900
2157
5253
8166
8494
6986
5129
1298
4425
2803
7309
5036
1107
7844
8345
6576
3362
2585
7117
2090
8004
6015
4352
9450
2129
8669
5722
8278
7618
6496
5243
8491
7387
1762
8380
9483
3252
3361
8076
8879
6254
4690
2831
7504
4094
181
3036
9952
3565
3685
7054
9071
4114
2431
2898
7970
8100
6622
7858
9
7399
3683
2758
7668
7819
8688
8437
6567
9465
7909
7328
9761
8016
8655
4960
3387
7697
9435
1459
1954
336
881
3691
7931
6712
9811
6042
832
2817
2345
1430
9364
9089
6592
2650
1749
3066
3297
8191
627
2736
1116
4342
2749
2761
1522
263
7850
2352
5339
2522
6207
3409
8923
2136
4042
8741
4895
7861
9876
742
3148
7458
1245
8059
8793
953
832
4240
4644
9519
7238
4124
6464
2786
6104
5983
7464
9447
7102
7836
2902
1914
9289
3171
3253
5880
392
1960
687
2634
2737
2941
2354
6556
4741
6750
9651
7997
8277
1881
9606
1857
4241
2503
4155
4152
8470
7487
6755
9069
3494
2606
287
5131
8994
491
1612
1781
6839
5326
4230
4334
9603
4847
5870
5596
267
9283
5417
1329
2592
8234
8627
416
5579
1610
3371
9428
2644
5717
7411
3571
1470
2722
7612
6522
7920
5107
5909
5487
4415
5541
8595
5304
3885
3358
5872
7306
1166
7131
7125
629
7942
7060
4525
4233
5325
3214
4664
4644
5898
1937
2634
2940
5657
6433
5658
5158
4900
152
771
8030
1993
7939
572
7158
8529
1962
6374
481
9302
8562
3300
170
8613
1001
8888
5188
3810
6505
6020
7170
1551
7521
5155
5151
1787
5903
8267
1971
2013
859
3979
2267
7298
7367
9567
9857
3018
8941
1673
9377
9629
6698
7414
9087
6596
8297
1701
3481
4742
2574
2167
6164
1725
575
8804
4419
8756
9057
8980
3770
6128
8622
8157
1018
3027
6252
3862
7327
8852
4455
7728
3879
7700
5036
9397
6320
9836
2218
2125
2945
4604
2135
2329
4673
9783
2555
1577
178
6602
4114
2308
6430
3129
9882
3602
5920
8505
3675
3671
7704
7659
7270
8959
5863
8878
7339
2529
434
2334
1189
820
1681
4052
2565
2544
3982
7249
5606
9812
8905
8842
2458
7542
6548
9289
3637
8623
6351
6316
7386
1347
1645
2246
9679
2142
9356
7499
3598
6020
2258
1118
9240
9791
9966
6630
5612
6107
9421
368
7246
5589
7686
355
8340
284
7311
2389
5971
7548
% of misclassified examples is 99.9773216918
Deviation is 0.0701503712568
Magnitude is 0.331058302638
/usr/local/lib/python2.7/dist-packages/theano/tensor/signal/downsample.py:6: UserWarning: downsample module has been moved to the theano.tensor.signal.pool module.
  "downsample module has been moved to the theano.tensor.signal.pool module.")
/usr/local/lib/python2.7/dist-packages/matplotlib/font_manager.py:273: UserWarning: Matplotlib is building the font cache using fc-list. This may take a moment.
  warnings.warn('Matplotlib is building the font cache using fc-list. This may take a moment.')
/usr/local/lib/python2.7/dist-packages/lasagne/layers/conv.py:489: UserWarning: The `image_shape` keyword argument to `tensor.nnet.conv2d` is deprecated, it has been renamed to `input_shape`.
  border_mode=border_mode)
Loading data...
Building model and compiling functions...
Final results:
  test loss:			0.052260
  test accuracy:		98.98 %
  test confidence:		99.62 %
Deviation 0.01 took 312.317s
Deviation 0.02 took 626.591s
Deviation 0.03 took 945.930s
Deviation 0.04 took 1269.507s
Deviation 0.05 took 1600.824s
Deviation 0.06 took 1942.343s
Deviation 0.07 took 2296.681s
Deviation 0.08 took 2666.298s
Deviation 0.09 took 3053.521s
Deviation 0.1 took 3459.444s
Deviation 0.01 took 3522.275s
Deviation 0.02 took 3585.304s
Deviation 0.03 took 3648.988s
Deviation 0.04 took 3713.711s
Deviation 0.05 took 3780.450s
Deviation 0.06 took 3851.164s
Deviation 0.07 took 3921.697s
Deviation 0.08 took 3995.448s
Deviation 0.09 took 4072.446s
Deviation 0.1 took 4154.211s
Traceback (most recent call last):
  File "FSG_MNIST_old.py", line 713, in <module>
    pool.map(pca_attack,rd_list)
  File "/usr/lib/python2.7/multiprocessing/pool.py", line 251, in map
    return self.map_async(func, iterable, chunksize).get()
  File "/usr/lib/python2.7/multiprocessing/pool.py", line 558, in get
    raise self._value
NameError: global name 'DEPTH' is not defined
